<?xml version="1.0" encoding="UTF-8" standalone="no"?>
<!DOCTYPE log SYSTEM "logger.dtd">
<log>
<record>
  <date>2024-12-03T22:23:48.529185Z</date>
  <millis>1733264628529</millis>
  <nanos>185000</nanos>
  <sequence>482</sequence>
  <logger>java.awt.focus.DefaultKeyboardFocusManager</logger>
  <level>FINE</level>
  <class>java.awt.DefaultKeyboardFocusManager</class>
  <method>dispatchEvent</method>
  <thread>17</thread>
  <message>sun.awt.TimedWindowEvent[WINDOW_LOST_FOCUS,opposite=null,oldState=0,newState=0] on frame0</message>
</record>
<record>
  <date>2024-12-03T22:23:48.529328Z</date>
  <millis>1733264628529</millis>
  <nanos>328000</nanos>
  <sequence>483</sequence>
  <logger>java.awt.focus.DefaultKeyboardFocusManager</logger>
  <level>FINE</level>
  <class>java.awt.DefaultKeyboardFocusManager</class>
  <method>dispatchEvent</method>
  <thread>17</thread>
  <message>Active fr.tp.inf112.projects.canvas.view.CanvasViewer[frame0,0,38,1512x888,invalid,layout=java.awt.BorderLayout,title=Viewing Simple Test Puck Factory,resizable,maximized,defaultCloseOperation=HIDE_ON_CLOSE,rootPane=javax.swing.JRootPane[,0,28,1512x860,layout=javax.swing.JRootPane$RootLayout,alignmentX=0.0,alignmentY=0.0,border=,flags=16777673,maximumSize=,minimumSize=,preferredSize=],rootPaneCheckingEnabled=true], Current focused fr.tp.inf112.projects.canvas.view.CanvasViewer[frame0,0,38,1512x888,invalid,layout=java.awt.BorderLayout,title=Viewing Simple Test Puck Factory,resizable,maximized,defaultCloseOperation=HIDE_ON_CLOSE,rootPane=javax.swing.JRootPane[,0,28,1512x860,layout=javax.swing.JRootPane$RootLayout,alignmentX=0.0,alignmentY=0.0,border=,flags=16777673,maximumSize=,minimumSize=,preferredSize=],rootPaneCheckingEnabled=true], losing focus fr.tp.inf112.projects.canvas.view.CanvasViewer[frame0,0,38,1512x888,invalid,layout=java.awt.BorderLayout,title=Viewing Simple Test Puck Factory,resizable,maximized,defaultCloseOperation=HIDE_ON_CLOSE,rootPane=javax.swing.JRootPane[,0,28,1512x860,layout=javax.swing.JRootPane$RootLayout,alignmentX=0.0,alignmentY=0.0,border=,flags=16777673,maximumSize=,minimumSize=,preferredSize=],rootPaneCheckingEnabled=true] opposite null</message>
</record>
<record>
  <date>2024-12-03T22:23:48.529504Z</date>
  <millis>1733264628529</millis>
  <nanos>504000</nanos>
  <sequence>484</sequence>
  <logger>java.awt.focus.DefaultKeyboardFocusManager</logger>
  <level>FINE</level>
  <class>java.awt.DefaultKeyboardFocusManager</class>
  <method>dispatchEvent</method>
  <thread>17</thread>
  <message>java.awt.event.FocusEvent[FOCUS_LOST,temporary,opposite=null,cause=ACTIVATION] on frame0</message>
</record>
<record>
  <date>2024-12-03T22:23:48.529611Z</date>
  <millis>1733264628529</millis>
  <nanos>611000</nanos>
  <sequence>485</sequence>
  <logger>java.awt.focus.DefaultKeyboardFocusManager</logger>
  <level>FINE</level>
  <class>java.awt.DefaultKeyboardFocusManager</class>
  <method>dispatchEvent</method>
  <thread>17</thread>
  <message>java.awt.event.WindowEvent[WINDOW_DEACTIVATED,opposite=null,oldState=0,newState=0] on frame0</message>
</record>
<record>
  <date>2024-12-03T22:23:48.529615Z</date>
  <millis>1733264628529</millis>
  <nanos>615000</nanos>
  <sequence>486</sequence>
  <logger>sun.lwawt.focus.LWWindowPeer</logger>
  <level>FINE</level>
  <class>sun.lwawt.LWWindowPeer</class>
  <method>changeFocusedWindow</method>
  <thread>15</thread>
  <message>loosing focus window: sun.lwawt.LWWindowPeer@532c06d [target is fr.tp.inf112.projects.canvas.view.CanvasViewer[frame0,0,38,1512x888,invalid,layout=java.awt.BorderLayout,title=Viewing Simple Test Puck Factory,resizable,maximized,defaultCloseOperation=HIDE_ON_CLOSE,rootPane=javax.swing.JRootPane[,0,28,1512x860,layout=javax.swing.JRootPane$RootLayout,alignmentX=0.0,alignmentY=0.0,border=,flags=16777673,maximumSize=,minimumSize=,preferredSize=],rootPaneCheckingEnabled=true]]</message>
</record>
