<?xml version="1.0" encoding="UTF-8" standalone="no"?>
<!DOCTYPE log SYSTEM "logger.dtd">
<log>
<record>
  <date>2024-12-03T22:30:46.578149Z</date>
  <millis>1733265046578</millis>
  <nanos>149000</nanos>
  <sequence>403</sequence>
  <logger>java.awt.focus.DefaultKeyboardFocusManager</logger>
  <level>FINE</level>
  <class>java.awt.DefaultKeyboardFocusManager</class>
  <method>dispatchEvent</method>
  <thread>17</thread>
  <message>java.awt.event.WindowEvent[WINDOW_ACTIVATED,opposite=null,oldState=0,newState=0] on frame0</message>
</record>
<record>
  <date>2024-12-03T22:30:46.578904Z</date>
  <millis>1733265046578</millis>
  <nanos>904000</nanos>
  <sequence>404</sequence>
  <logger>sun.lwawt.focus.LWWindowPeer</logger>
  <level>FINE</level>
  <class>sun.lwawt.LWWindowPeer</class>
  <method>requestWindowFocus</method>
  <thread>17</thread>
  <message>requesting native focus to sun.lwawt.LWWindowPeer@7f186500 [target is fr.tp.inf112.projects.canvas.view.CanvasViewer[frame0,0,38,1512x890,invalid,layout=java.awt.BorderLayout,title=Viewing Simple Test Puck Factory,resizable,maximized,defaultCloseOperation=HIDE_ON_CLOSE,rootPane=javax.swing.JRootPane[,0,28,1512x862,layout=javax.swing.JRootPane$RootLayout,alignmentX=0.0,alignmentY=0.0,border=,flags=16777673,maximumSize=,minimumSize=,preferredSize=],rootPaneCheckingEnabled=true]]</message>
</record>
<record>
  <date>2024-12-03T22:30:46.597630Z</date>
  <millis>1733265046597</millis>
  <nanos>630000</nanos>
  <sequence>405</sequence>
  <logger>sun.lwawt.focus.LWWindowPeer</logger>
  <level>FINE</level>
  <class>sun.lwawt.LWWindowPeer</class>
  <method>changeFocusedWindow</method>
  <thread>17</thread>
  <message>gaining focus window: sun.lwawt.LWWindowPeer@7f186500 [target is fr.tp.inf112.projects.canvas.view.CanvasViewer[frame0,0,38,1512x890,invalid,layout=java.awt.BorderLayout,title=Viewing Simple Test Puck Factory,resizable,maximized,defaultCloseOperation=HIDE_ON_CLOSE,rootPane=javax.swing.JRootPane[,0,28,1512x862,layout=javax.swing.JRootPane$RootLayout,alignmentX=0.0,alignmentY=0.0,border=,flags=16777673,maximumSize=,minimumSize=,preferredSize=],rootPaneCheckingEnabled=true]]</message>
</record>
<record>
  <date>2024-12-03T22:30:46.611517Z</date>
  <millis>1733265046611</millis>
  <nanos>517000</nanos>
  <sequence>406</sequence>
  <logger>java.awt.focus.DefaultKeyboardFocusManager</logger>
  <level>FINE</level>
  <class>java.awt.DefaultKeyboardFocusManager</class>
  <method>dispatchEvent</method>
  <thread>17</thread>
  <message>sun.awt.TimedWindowEvent[WINDOW_GAINED_FOCUS,opposite=fr.tp.inf112.projects.canvas.view.CanvasViewer[frame0,0,38,1512x890,invalid,layout=java.awt.BorderLayout,title=Viewing Simple Test Puck Factory,resizable,maximized,defaultCloseOperation=HIDE_ON_CLOSE,rootPane=javax.swing.JRootPane[,0,28,1512x862,layout=javax.swing.JRootPane$RootLayout,alignmentX=0.0,alignmentY=0.0,border=,flags=16777673,maximumSize=,minimumSize=,preferredSize=],rootPaneCheckingEnabled=true],oldState=0,newState=0] on frame0</message>
</record>
<record>
  <date>2024-12-03T22:30:46.612102Z</date>
  <millis>1733265046612</millis>
  <nanos>102000</nanos>
  <sequence>407</sequence>
  <logger>java.awt.focus.DefaultKeyboardFocusManager</logger>
  <level>FINE</level>
  <class>java.awt.DefaultKeyboardFocusManager</class>
  <method>dispatchEvent</method>
  <thread>17</thread>
  <message>java.awt.event.FocusEvent[FOCUS_GAINED,permanent,opposite=null,cause=ACTIVATION] on frame0</message>
</record>
<record>
  <date>2024-12-03T22:30:46.612482Z</date>
  <millis>1733265046612</millis>
  <nanos>482000</nanos>
  <sequence>408</sequence>
  <logger>sun.awt.im.InputContext</logger>
  <level>FINE</level>
  <class>sun.awt.im.InputContext</class>
  <method>activateInputMethod</method>
  <thread>17</thread>
  <message>Current client component fr.tp.inf112.projects.canvas.view.CanvasViewer[frame0,0,38,1512x890,invalid,layout=java.awt.BorderLayout,title=Viewing Simple Test Puck Factory,resizable,maximized,defaultCloseOperation=HIDE_ON_CLOSE,rootPane=javax.swing.JRootPane[,0,28,1512x862,layout=javax.swing.JRootPane$RootLayout,alignmentX=0.0,alignmentY=0.0,border=,flags=16777673,maximumSize=,minimumSize=,preferredSize=],rootPaneCheckingEnabled=true]</message>
</record>
<record>
  <date>2024-12-03T22:30:51.613046Z</date>
  <millis>1733265051613</millis>
  <nanos>46000</nanos>
  <sequence>409</sequence>
  <logger>sun.lwawt.focus.LWWindowPeer</logger>
  <level>FINE</level>
  <class>sun.lwawt.LWWindowPeer</class>
  <method>changeFocusedWindow</method>
  <thread>15</thread>
  <message>loosing focus window: sun.lwawt.LWWindowPeer@7f186500 [target is fr.tp.inf112.projects.canvas.view.CanvasViewer[frame0,0,38,1512x890,invalid,layout=java.awt.BorderLayout,title=Viewing Simple Test Puck Factory,resizable,maximized,defaultCloseOperation=HIDE_ON_CLOSE,rootPane=javax.swing.JRootPane[,0,28,1512x862,layout=javax.swing.JRootPane$RootLayout,alignmentX=0.0,alignmentY=0.0,border=,flags=16777673,maximumSize=,minimumSize=,preferredSize=],rootPaneCheckingEnabled=true]]</message>
</record>
<record>
  <date>2024-12-03T22:30:51.613850Z</date>
  <millis>1733265051613</millis>
  <nanos>850000</nanos>
  <sequence>410</sequence>
  <logger>sun.lwawt.focus.LWWindowPeer</logger>
  <level>FINE</level>
  <class>sun.lwawt.LWWindowPeer</class>
  <method>changeFocusedWindow</method>
  <thread>15</thread>
  <message>loosing focus window: sun.lwawt.LWWindowPeer@7f186500 [target is fr.tp.inf112.projects.canvas.view.CanvasViewer[frame0,0,38,1512x890,invalid,layout=java.awt.BorderLayout,title=Viewing Simple Test Puck Factory,resizable,maximized,defaultCloseOperation=HIDE_ON_CLOSE,rootPane=javax.swing.JRootPane[,0,28,1512x862,layout=javax.swing.JRootPane$RootLayout,alignmentX=0.0,alignmentY=0.0,border=,flags=16777673,maximumSize=,minimumSize=,preferredSize=],rootPaneCheckingEnabled=true]]</message>
</record>
<record>
  <date>2024-12-03T22:30:51.624493Z</date>
  <millis>1733265051624</millis>
  <nanos>493000</nanos>
  <sequence>411</sequence>
  <logger>java.awt.focus.DefaultKeyboardFocusManager</logger>
  <level>FINE</level>
  <class>java.awt.DefaultKeyboardFocusManager</class>
  <method>dispatchEvent</method>
  <thread>17</thread>
  <message>sun.awt.TimedWindowEvent[WINDOW_LOST_FOCUS,opposite=null,oldState=0,newState=0] on frame0</message>
</record>
<record>
  <date>2024-12-03T22:30:51.624789Z</date>
  <millis>1733265051624</millis>
  <nanos>789000</nanos>
  <sequence>412</sequence>
  <logger>java.awt.focus.DefaultKeyboardFocusManager</logger>
  <level>FINE</level>
  <class>java.awt.DefaultKeyboardFocusManager</class>
  <method>dispatchEvent</method>
  <thread>17</thread>
  <message>Active fr.tp.inf112.projects.canvas.view.CanvasViewer[frame0,0,38,1512x890,invalid,layout=java.awt.BorderLayout,title=Viewing Simple Test Puck Factory,resizable,maximized,defaultCloseOperation=HIDE_ON_CLOSE,rootPane=javax.swing.JRootPane[,0,28,1512x862,layout=javax.swing.JRootPane$RootLayout,alignmentX=0.0,alignmentY=0.0,border=,flags=16777673,maximumSize=,minimumSize=,preferredSize=],rootPaneCheckingEnabled=true], Current focused fr.tp.inf112.projects.canvas.view.CanvasViewer[frame0,0,38,1512x890,invalid,layout=java.awt.BorderLayout,title=Viewing Simple Test Puck Factory,resizable,maximized,defaultCloseOperation=HIDE_ON_CLOSE,rootPane=javax.swing.JRootPane[,0,28,1512x862,layout=javax.swing.JRootPane$RootLayout,alignmentX=0.0,alignmentY=0.0,border=,flags=16777673,maximumSize=,minimumSize=,preferredSize=],rootPaneCheckingEnabled=true], losing focus fr.tp.inf112.projects.canvas.view.CanvasViewer[frame0,0,38,1512x890,invalid,layout=java.awt.BorderLayout,title=Viewing Simple Test Puck Factory,resizable,maximized,defaultCloseOperation=HIDE_ON_CLOSE,rootPane=javax.swing.JRootPane[,0,28,1512x862,layout=javax.swing.JRootPane$RootLayout,alignmentX=0.0,alignmentY=0.0,border=,flags=16777673,maximumSize=,minimumSize=,preferredSize=],rootPaneCheckingEnabled=true] opposite null</message>
</record>
<record>
  <date>2024-12-03T22:30:51.625715Z</date>
  <millis>1733265051625</millis>
  <nanos>715000</nanos>
  <sequence>413</sequence>
  <logger>java.awt.focus.DefaultKeyboardFocusManager</logger>
  <level>FINE</level>
  <class>java.awt.DefaultKeyboardFocusManager</class>
  <method>dispatchEvent</method>
  <thread>17</thread>
  <message>java.awt.event.FocusEvent[FOCUS_LOST,temporary,opposite=null,cause=ACTIVATION] on frame0</message>
</record>
<record>
  <date>2024-12-03T22:30:51.626344Z</date>
  <millis>1733265051626</millis>
  <nanos>344000</nanos>
  <sequence>414</sequence>
  <logger>java.awt.focus.DefaultKeyboardFocusManager</logger>
  <level>FINE</level>
  <class>java.awt.DefaultKeyboardFocusManager</class>
  <method>dispatchEvent</method>
  <thread>17</thread>
  <message>java.awt.event.WindowEvent[WINDOW_DEACTIVATED,opposite=null,oldState=0,newState=0] on frame0</message>
</record>
<record>
  <date>2024-12-03T22:31:13.120981Z</date>
  <millis>1733265073120</millis>
  <nanos>981000</nanos>
  <sequence>415</sequence>
  <logger>sun.lwawt.focus.LWWindowPeer</logger>
  <level>FINE</level>
  <class>sun.lwawt.LWWindowPeer</class>
  <method>changeFocusedWindow</method>
  <thread>15</thread>
  <message>gaining focus window: sun.lwawt.LWWindowPeer@7f186500 [target is fr.tp.inf112.projects.canvas.view.CanvasViewer[frame0,0,38,1512x890,invalid,layout=java.awt.BorderLayout,title=Viewing Simple Test Puck Factory,resizable,maximized,defaultCloseOperation=HIDE_ON_CLOSE,rootPane=javax.swing.JRootPane[,0,28,1512x862,layout=javax.swing.JRootPane$RootLayout,alignmentX=0.0,alignmentY=0.0,border=,flags=16777673,maximumSize=,minimumSize=,preferredSize=],rootPaneCheckingEnabled=true]]</message>
</record>
<record>
  <date>2024-12-03T22:31:13.121345Z</date>
  <millis>1733265073121</millis>
  <nanos>345000</nanos>
  <sequence>416</sequence>
  <logger>java.awt.focus.DefaultKeyboardFocusManager</logger>
  <level>FINE</level>
  <class>java.awt.DefaultKeyboardFocusManager</class>
  <method>dispatchEvent</method>
  <thread>17</thread>
  <message>sun.awt.TimedWindowEvent[WINDOW_GAINED_FOCUS,opposite=null,oldState=0,newState=0] on frame0</message>
</record>
<record>
  <date>2024-12-03T22:31:13.121689Z</date>
  <millis>1733265073121</millis>
  <nanos>689000</nanos>
  <sequence>417</sequence>
  <logger>java.awt.focus.DefaultKeyboardFocusManager</logger>
  <level>FINE</level>
  <class>java.awt.DefaultKeyboardFocusManager</class>
  <method>dispatchEvent</method>
  <thread>17</thread>
  <message>java.awt.event.WindowEvent[WINDOW_ACTIVATED,opposite=null,oldState=0,newState=0] on frame0</message>
</record>
<record>
  <date>2024-12-03T22:31:13.127529Z</date>
  <millis>1733265073127</millis>
  <nanos>529000</nanos>
  <sequence>418</sequence>
  <logger>sun.lwawt.focus.LWWindowPeer</logger>
  <level>FINE</level>
  <class>sun.lwawt.LWWindowPeer</class>
  <method>requestWindowFocus</method>
  <thread>17</thread>
  <message>requesting native focus to sun.lwawt.LWWindowPeer@7f186500 [target is fr.tp.inf112.projects.canvas.view.CanvasViewer[frame0,0,38,1512x890,invalid,layout=java.awt.BorderLayout,title=Viewing Simple Test Puck Factory,resizable,maximized,defaultCloseOperation=HIDE_ON_CLOSE,rootPane=javax.swing.JRootPane[,0,28,1512x862,layout=javax.swing.JRootPane$RootLayout,alignmentX=0.0,alignmentY=0.0,border=,flags=16777673,maximumSize=,minimumSize=,preferredSize=],rootPaneCheckingEnabled=true]]</message>
</record>
<record>
  <date>2024-12-03T22:31:13.128069Z</date>
  <millis>1733265073128</millis>
  <nanos>69000</nanos>
  <sequence>419</sequence>
  <logger>sun.lwawt.focus.LWWindowPeer</logger>
  <level>FINE</level>
  <class>sun.lwawt.LWWindowPeer</class>
  <method>changeFocusedWindow</method>
  <thread>17</thread>
  <message>gaining focus window: sun.lwawt.LWWindowPeer@7f186500 [target is fr.tp.inf112.projects.canvas.view.CanvasViewer[frame0,0,38,1512x890,invalid,layout=java.awt.BorderLayout,title=Viewing Simple Test Puck Factory,resizable,maximized,defaultCloseOperation=HIDE_ON_CLOSE,rootPane=javax.swing.JRootPane[,0,28,1512x862,layout=javax.swing.JRootPane$RootLayout,alignmentX=0.0,alignmentY=0.0,border=,flags=16777673,maximumSize=,minimumSize=,preferredSize=],rootPaneCheckingEnabled=true]]</message>
</record>
<record>
  <date>2024-12-03T22:31:13.129283Z</date>
  <millis>1733265073129</millis>
  <nanos>283000</nanos>
  <sequence>420</sequence>
  <logger>java.awt.focus.DefaultKeyboardFocusManager</logger>
  <level>FINE</level>
  <class>java.awt.DefaultKeyboardFocusManager</class>
  <method>dispatchEvent</method>
  <thread>17</thread>
  <message>sun.awt.TimedWindowEvent[WINDOW_GAINED_FOCUS,opposite=fr.tp.inf112.projects.canvas.view.CanvasViewer[frame0,0,38,1512x890,invalid,layout=java.awt.BorderLayout,title=Viewing Simple Test Puck Factory,resizable,maximized,defaultCloseOperation=HIDE_ON_CLOSE,rootPane=javax.swing.JRootPane[,0,28,1512x862,layout=javax.swing.JRootPane$RootLayout,alignmentX=0.0,alignmentY=0.0,border=,flags=16777673,maximumSize=,minimumSize=,preferredSize=],rootPaneCheckingEnabled=true],oldState=0,newState=0] on frame0</message>
</record>
<record>
  <date>2024-12-03T22:31:13.129383Z</date>
  <millis>1733265073129</millis>
  <nanos>383000</nanos>
  <sequence>421</sequence>
  <logger>java.awt.focus.DefaultKeyboardFocusManager</logger>
  <level>FINE</level>
  <class>java.awt.DefaultKeyboardFocusManager</class>
  <method>dispatchEvent</method>
  <thread>17</thread>
  <message>java.awt.event.FocusEvent[FOCUS_GAINED,permanent,opposite=null,cause=ACTIVATION] on frame0</message>
</record>
<record>
  <date>2024-12-03T22:31:13.129610Z</date>
  <millis>1733265073129</millis>
  <nanos>610000</nanos>
  <sequence>422</sequence>
  <logger>sun.awt.im.InputContext</logger>
  <level>FINE</level>
  <class>sun.awt.im.InputContext</class>
  <method>activateInputMethod</method>
  <thread>17</thread>
  <message>Current client component fr.tp.inf112.projects.canvas.view.CanvasViewer[frame0,0,38,1512x890,invalid,layout=java.awt.BorderLayout,title=Viewing Simple Test Puck Factory,resizable,maximized,defaultCloseOperation=HIDE_ON_CLOSE,rootPane=javax.swing.JRootPane[,0,28,1512x862,layout=javax.swing.JRootPane$RootLayout,alignmentX=0.0,alignmentY=0.0,border=,flags=16777673,maximumSize=,minimumSize=,preferredSize=],rootPaneCheckingEnabled=true]</message>
</record>
<record>
  <date>2024-12-03T22:31:16.396034Z</date>
  <millis>1733265076396</millis>
  <nanos>34000</nanos>
  <sequence>423</sequence>
  <logger>sun.lwawt.focus.LWWindowPeer</logger>
  <level>FINE</level>
  <class>sun.lwawt.LWWindowPeer</class>
  <method>changeFocusedWindow</method>
  <thread>15</thread>
  <message>loosing focus window: sun.lwawt.LWWindowPeer@7f186500 [target is fr.tp.inf112.projects.canvas.view.CanvasViewer[frame0,0,38,1512x890,invalid,layout=java.awt.BorderLayout,title=Viewing Simple Test Puck Factory,resizable,maximized,defaultCloseOperation=HIDE_ON_CLOSE,rootPane=javax.swing.JRootPane[,0,28,1512x862,layout=javax.swing.JRootPane$RootLayout,alignmentX=0.0,alignmentY=0.0,border=,flags=16777673,maximumSize=,minimumSize=,preferredSize=],rootPaneCheckingEnabled=true]]</message>
</record>
<record>
  <date>2024-12-03T22:31:16.396415Z</date>
  <millis>1733265076396</millis>
  <nanos>415000</nanos>
  <sequence>424</sequence>
  <logger>java.awt.focus.DefaultKeyboardFocusManager</logger>
  <level>FINE</level>
  <class>java.awt.DefaultKeyboardFocusManager</class>
  <method>dispatchEvent</method>
  <thread>17</thread>
  <message>sun.awt.TimedWindowEvent[WINDOW_LOST_FOCUS,opposite=null,oldState=0,newState=0] on frame0</message>
</record>
<record>
  <date>2024-12-03T22:31:16.396639Z</date>
  <millis>1733265076396</millis>
  <nanos>639000</nanos>
  <sequence>425</sequence>
  <logger>java.awt.focus.DefaultKeyboardFocusManager</logger>
  <level>FINE</level>
  <class>java.awt.DefaultKeyboardFocusManager</class>
  <method>dispatchEvent</method>
  <thread>17</thread>
  <message>Active fr.tp.inf112.projects.canvas.view.CanvasViewer[frame0,0,38,1512x890,invalid,layout=java.awt.BorderLayout,title=Viewing Simple Test Puck Factory,resizable,maximized,defaultCloseOperation=HIDE_ON_CLOSE,rootPane=javax.swing.JRootPane[,0,28,1512x862,layout=javax.swing.JRootPane$RootLayout,alignmentX=0.0,alignmentY=0.0,border=,flags=16777673,maximumSize=,minimumSize=,preferredSize=],rootPaneCheckingEnabled=true], Current focused fr.tp.inf112.projects.canvas.view.CanvasViewer[frame0,0,38,1512x890,invalid,layout=java.awt.BorderLayout,title=Viewing Simple Test Puck Factory,resizable,maximized,defaultCloseOperation=HIDE_ON_CLOSE,rootPane=javax.swing.JRootPane[,0,28,1512x862,layout=javax.swing.JRootPane$RootLayout,alignmentX=0.0,alignmentY=0.0,border=,flags=16777673,maximumSize=,minimumSize=,preferredSize=],rootPaneCheckingEnabled=true], losing focus fr.tp.inf112.projects.canvas.view.CanvasViewer[frame0,0,38,1512x890,invalid,layout=java.awt.BorderLayout,title=Viewing Simple Test Puck Factory,resizable,maximized,defaultCloseOperation=HIDE_ON_CLOSE,rootPane=javax.swing.JRootPane[,0,28,1512x862,layout=javax.swing.JRootPane$RootLayout,alignmentX=0.0,alignmentY=0.0,border=,flags=16777673,maximumSize=,minimumSize=,preferredSize=],rootPaneCheckingEnabled=true] opposite null</message>
</record>
<record>
  <date>2024-12-03T22:31:16.397241Z</date>
  <millis>1733265076397</millis>
  <nanos>241000</nanos>
  <sequence>426</sequence>
  <logger>sun.lwawt.focus.LWWindowPeer</logger>
  <level>FINE</level>
  <class>sun.lwawt.LWWindowPeer</class>
  <method>changeFocusedWindow</method>
  <thread>15</thread>
  <message>loosing focus window: sun.lwawt.LWWindowPeer@7f186500 [target is fr.tp.inf112.projects.canvas.view.CanvasViewer[frame0,0,38,1512x890,invalid,layout=java.awt.BorderLayout,title=Viewing Simple Test Puck Factory,resizable,maximized,defaultCloseOperation=HIDE_ON_CLOSE,rootPane=javax.swing.JRootPane[,0,28,1512x862,layout=javax.swing.JRootPane$RootLayout,alignmentX=0.0,alignmentY=0.0,border=,flags=16777673,maximumSize=,minimumSize=,preferredSize=],rootPaneCheckingEnabled=true]]</message>
</record>
<record>
  <date>2024-12-03T22:31:16.397764Z</date>
  <millis>1733265076397</millis>
  <nanos>764000</nanos>
  <sequence>427</sequence>
  <logger>java.awt.focus.DefaultKeyboardFocusManager</logger>
  <level>FINE</level>
  <class>java.awt.DefaultKeyboardFocusManager</class>
  <method>dispatchEvent</method>
  <thread>17</thread>
  <message>java.awt.event.FocusEvent[FOCUS_LOST,temporary,opposite=null,cause=ACTIVATION] on frame0</message>
</record>
<record>
  <date>2024-12-03T22:31:16.397933Z</date>
  <millis>1733265076397</millis>
  <nanos>933000</nanos>
  <sequence>428</sequence>
  <logger>java.awt.focus.DefaultKeyboardFocusManager</logger>
  <level>FINE</level>
  <class>java.awt.DefaultKeyboardFocusManager</class>
  <method>dispatchEvent</method>
  <thread>17</thread>
  <message>java.awt.event.WindowEvent[WINDOW_DEACTIVATED,opposite=null,oldState=0,newState=0] on frame0</message>
</record>
